# JRE version: Java(TM) SE Runtime Environment (8.0_121-b13) (build 1.8.0_121-b13)
# Java VM: Java HotSpot(TM) Client VM (25.121-b13 mixed mode, sharing windows-x86 )
Heap:
 def new generation   total 78656K, used 78655K [0x04600000, 0x09b50000, 0x09b50000)
  eden space 69952K, 100% used [0x04600000, 0x08a50000, 0x08a50000)
  from space 8704K,  99% used [0x08a50000, 0x092cffd8, 0x092d0000)
  to   space 8704K,   0% used [0x092d0000, 0x092d0000, 0x09b50000)
 tenured generation   total 174784K, used 174783K [0x09b50000, 0x14600000, 0x14600000)
   the space 174784K,  99% used [0x09b50000, 0x145fffe0, 0x14600000, 0x14600000)
 Metaspace       used 11010K, capacity 12327K, committed 12416K, reserved 12672K
GC Heap History (10 events):
Event: 4044.486 GC heap before
{Heap before GC invocations=1912 (full 1893):
 def new generation   total 78656K, used 78655K [0x04600000, 0x09b50000, 0x09b50000)
  eden space 69952K, 100% used [0x04600000, 0x08a50000, 0x08a50000)
  from space 8704K,  99% used [0x08a50000, 0x092cffd8, 0x092d0000)
  to   space 8704K,   0% used [0x092d0000, 0x092d0000, 0x09b50000)
 tenured generation   total 174784K, used 174783K [0x09b50000, 0x14600000, 0x14600000)
   the space 174784K,  99% used [0x09b50000, 0x145fffe0, 0x14600000, 0x14600000)
 Metaspace       used 11010K, capacity 12327K, committed 12416K, reserved 12672K
Event: 4044.961 GC heap after
Heap after GC invocations=1913 (full 1894):
 def new generation   total 78656K, used 78655K [0x04600000, 0x09b50000, 0x09b50000)
  eden space 69952K, 100% used [0x04600000, 0x08a50000, 0x08a50000)
  from space 8704K,  99% used [0x08a50000, 0x092cffd8, 0x092d0000)
  to   space 8704K,   0% used [0x092d0000, 0x092d0000, 0x09b50000)
 tenured generation   total 174784K, used 174783K [0x09b50000, 0x14600000, 0x14600000)
   the space 174784K,  99% used [0x09b50000, 0x145fffe0, 0x14600000, 0x14600000)
 Metaspace       used 11010K, capacity 12327K, committed 12416K, reserved 12672K
}
Event: 4044.965 GC heap before
{Heap before GC invocations=1913 (full 1894):
 def new generation   total 78656K, used 78655K [0x04600000, 0x09b50000, 0x09b50000)
  eden space 69952K, 100% used [0x04600000, 0x08a50000, 0x08a50000)
  from space 8704K,  99% used [0x08a50000, 0x092cfff8, 0x092d0000)
  to   space 8704K,   0% used [0x092d0000, 0x092d0000, 0x09b50000)
 tenured generation   total 174784K, used 174783K [0x09b50000, 0x14600000, 0x14600000)
   the space 174784K,  99% used [0x09b50000, 0x145fffe0, 0x14600000, 0x14600000)
 Metaspace       used 11010K, capacity 12327K, committed 12416K, reserved 12672K
Event: 4045.467 GC heap after
Heap after GC invocations=1914 (full 1895):
 def new generation   total 78656K, used 78655K [0x04600000, 0x09b50000, 0x09b50000)
  eden space 69952K,  99% used [0x04600000, 0x08a4fff0, 0x08a50000)
  from space 8704K,  99% used [0x08a50000, 0x092cffe8, 0x092d0000)
  to   space 8704K,   0% used [0x092d0000, 0x092d0000, 0x09b50000)
 tenured generation   total 174784K, used 174783K [0x09b50000, 0x14600000, 0x14600000)
   the space 174784K,  99% used [0x09b50000, 0x145fffe0, 0x14600000, 0x14600000)
 Metaspace       used 11010K, capacity 12327K, committed 12416K, reserved 12672K
}
Event: 4045.467 GC heap before
{Heap before GC invocations=1914 (full 1895):
 def new generation   total 78656K, used 78655K [0x04600000, 0x09b50000, 0x09b50000)
  eden space 69952K,  99% used [0x04600000, 0x08a4fff0, 0x08a50000)
  from space 8704K,  99% used [0x08a50000, 0x092cffe8, 0x092d0000)
  to   space 8704K,   0% used [0x092d0000, 0x092d0000, 0x09b50000)
 tenured generation   total 174784K, used 174783K [0x09b50000, 0x14600000, 0x14600000)
   the space 174784K,  99% used [0x09b50000, 0x145fffe0, 0x14600000, 0x14600000)
 Metaspace       used 11010K, capacity 12327K, committed 12416K, reserved 12672K
Event: 4045.953 GC heap after
Heap after GC invocations=1915 (full 1896):
 def new generation   total 78656K, used 78655K [0x04600000, 0x09b50000, 0x09b50000)
  eden space 69952K,  99% used [0x04600000, 0x08a4fff0, 0x08a50000)
  from space 8704K,  99% used [0x08a50000, 0x092cffe8, 0x092d0000)
  to   space 8704K,   0% used [0x092d0000, 0x092d0000, 0x09b50000)
 tenured generation   total 174784K, used 174783K [0x09b50000, 0x14600000, 0x14600000)
   the space 174784K,  99% used [0x09b50000, 0x145fffb0, 0x14600000, 0x14600000)
 Metaspace       used 11010K, capacity 12327K, committed 12416K, reserved 12672K
}
Event: 4045.953 GC heap before
{Heap before GC invocations=1915 (full 1896):
 def new generation   total 78656K, used 78655K [0x04600000, 0x09b50000, 0x09b50000)
  eden space 69952K, 100% used [0x04600000, 0x08a50000, 0x08a50000)
  from space 8704K,  99% used [0x08a50000, 0x092cffe8, 0x092d0000)
  to   space 8704K,   0% used [0x092d0000, 0x092d0000, 0x09b50000)
 tenured generation   total 174784K, used 174783K [0x09b50000, 0x14600000, 0x14600000)
   the space 174784K,  99% used [0x09b50000, 0x145fffe0, 0x14600000, 0x14600000)
 Metaspace       used 11010K, capacity 12327K, committed 12416K, reserved 12672K
Event: 4046.443 GC heap after
Heap after GC invocations=1916 (full 1897):
 def new generation   total 78656K, used 78655K [0x04600000, 0x09b50000, 0x09b50000)
  eden space 69952K, 100% used [0x04600000, 0x08a50000, 0x08a50000)
  from space 8704K,  99% used [0x08a50000, 0x092cffd8, 0x092d0000)
  to   space 8704K,   0% used [0x092d0000, 0x092d0000, 0x09b50000)
 tenured generation   total 174784K, used 174783K [0x09b50000, 0x14600000, 0x14600000)
   the space 174784K,  99% used [0x09b50000, 0x145fffe0, 0x14600000, 0x14600000)
 Metaspace       used 11010K, capacity 12327K, committed 12416K, reserved 12672K
}
Event: 4046.443 GC heap before
{Heap before GC invocations=1916 (full 1897):
 def new generation   total 78656K, used 78655K [0x04600000, 0x09b50000, 0x09b50000)
  eden space 69952K, 100% used [0x04600000, 0x08a50000, 0x08a50000)
  from space 8704K,  99% used [0x08a50000, 0x092cffd8, 0x092d0000)
  to   space 8704K,   0% used [0x092d0000, 0x092d0000, 0x09b50000)
 tenured generation   total 174784K, used 174783K [0x09b50000, 0x14600000, 0x14600000)
   the space 174784K,  99% used [0x09b50000, 0x145fffe0, 0x14600000, 0x14600000)
 Metaspace       used 11010K, capacity 12327K, committed 12416K, reserved 12672K
Event: 4047.027 GC heap after
Heap after GC invocations=1917 (full 1898):
 def new generation   total 78656K, used 78655K [0x04600000, 0x09b50000, 0x09b50000)
  eden space 69952K, 100% used [0x04600000, 0x08a50000, 0x08a50000)
  from space 8704K,  99% used [0x08a50000, 0x092cffd8, 0x092d0000)
  to   space 8704K,   0% used [0x092d0000, 0x092d0000, 0x09b50000)
 tenured generation   total 174784K, used 174783K [0x09b50000, 0x14600000, 0x14600000)
   the space 174784K,  99% used [0x09b50000, 0x145fffe0, 0x14600000, 0x14600000)
 Metaspace       used 11010K, capacity 12327K, committed 12416K, reserved 12672K
}

